<?xml version="1.0" encoding="UTF-8"?>
<!-- Generated by org.testng.reporters.JUnitReportReporter -->
<testsuite hostname="DESKTOP-GP7DK50" failures="0" tests="1" name="Test.WebTableTest" time="0.066" errors="0" timestamp="2025-03-15T21:45:36 IST" skipped="0">
  <testcase classname="Test.WebTableTest" name="ClickonWebTable" time="0.066"/>
</testsuite> <!-- Test.WebTableTest -->
