<?xml version="1.0" encoding="UTF-8"?>
<!-- Generated by org.testng.reporters.JUnitReportReporter -->
<testsuite hostname="DESKTOP-GP7DK50" failures="0" tests="3" name="Test.LoginTest" time="11.529" errors="0" timestamp="2025-02-28T11:18:10 IST" skipped="0">
  <testcase classname="Test.LoginTest" name="clickAtLogin" time="1.245"/>
  <testcase classname="Test.LoginTest" name="clickonuserBlank" time="5.144"/>
  <testcase classname="Test.LoginTest" name="clickonpassBlank" time="5.140"/>
</testsuite> <!-- Test.LoginTest -->
