<?xml version="1.0" encoding="UTF-8"?>
<!-- Generated by org.testng.reporters.JUnitReportReporter -->
<testsuite hostname="DESKTOP-GP7DK50" failures="0" tests="3" name="Test.CheckBoxTest" time="3.589" errors="0" timestamp="2025-03-15T20:07:13 IST" skipped="0">
  <testcase classname="Test.CheckBoxTest" name="chbox" time="0.061"/>
  <testcase classname="Test.CheckBoxTest" name="checkboxmethod" time="3.383"/>
  <testcase classname="Test.CheckBoxTest" name="validatecheckbox" time="0.145"/>
</testsuite> <!-- Test.CheckBoxTest -->
