<?xml version="1.0" encoding="UTF-8"?>
<!-- Generated by org.testng.reporters.JUnitReportReporter -->
<testsuite hostname="DESKTOP-GP7DK50" failures="0" tests="2" name="Test.TesttableText" time="2.899" errors="0" timestamp="2025-03-13T20:04:41 IST" skipped="0">
  <testcase classname="Test.TesttableText" name="text" time="2.679"/>
  <testcase classname="Test.TesttableText" name="validation" time="0.220"/>
</testsuite> <!-- Test.TesttableText -->
