<?xml version="1.0" encoding="UTF-8"?>
<!-- Generated by org.testng.reporters.JUnitReportReporter -->
<testsuite hostname="DESKTOP-GP7DK50" failures="0" tests="2" name="Test.BabaTest" time="3.545" errors="0" timestamp="2025-03-10T22:17:41 IST" skipped="0">
  <testcase classname="Test.BabaTest" name="validation" time="1.243"/>
  <testcase classname="Test.BabaTest" name="text" time="2.302"/>
</testsuite> <!-- Test.BabaTest -->
