<?xml version="1.0" encoding="UTF-8"?>
<!-- Generated by org.testng.reporters.JUnitReportReporter -->
<testsuite hostname="DESKTOP-GP7DK50" failures="0" tests="4" name="Test.RadioButtonTest" time="5.351" errors="0" timestamp="2025-03-15T21:27:38 IST" skipped="0">
  <testcase classname="Test.RadioButtonTest" name="ClickOnRadiobutton" time="2.073"/>
  <testcase classname="Test.RadioButtonTest" name="ValidateRadioButtonYes" time="0.102"/>
  <testcase classname="Test.RadioButtonTest" name="ValidateRadioButtonImpressive" time="1.587"/>
  <testcase classname="Test.RadioButtonTest" name="ValidateRadioButtonNo" time="1.589"/>
</testsuite> <!-- Test.RadioButtonTest -->
